<?xml version="1.0" encoding="UTF-8"?>
<testsuite xmlns:xsi="http://www.w3.org/2001/XMLSchema-instance" xsi:noNamespaceSchemaLocation="https://maven.apache.org/surefire/maven-surefire-plugin/xsd/surefire-test-report.xsd" name="ServerTest" time="0.078" tests="5" errors="0" skipped="0" failures="0">
  <properties>
[...]
</properties>
  <testcase name="testBoardsEmpty" classname="ServerTest" time="0.016"/>
  <testcase name="testCheckBoard" classname="ServerTest" time="0.021"/>
  <testcase name="testPort" classname="ServerTest" time="0.001"/>
  <testcase name="testSendReport" classname="ServerTest" time="0.001"/>
  <testcase name="testClientsEmpty" classname="ServerTest" time="0.001"/>
</testsuite>